timestamp: 2023-05-28T13:42:37.547896
CREATE TABLE "auth_user"(
    "id" INTEGER PRIMARY KEY AUTOINCREMENT,
    "username" CHAR(512) UNIQUE,
    "email" CHAR(512) UNIQUE,
    "password" CHAR(512),
    "first_name" CHAR(512),
    "last_name" CHAR(512),
    "sso_id" CHAR(512),
    "action_token" CHAR(512),
    "last_password_change" TIMESTAMP,
    "past_passwords_hash" TEXT
);
success!
timestamp: 2023-05-28T13:42:37.550287
CREATE TABLE "auth_user_tag_groups"(
    "id" INTEGER PRIMARY KEY AUTOINCREMENT,
    "tagpath" CHAR(512),
    "record_id" INTEGER REFERENCES "auth_user" ("id") ON DELETE CASCADE ON UPDATE CASCADE  
);
success!
timestamp: 2023-05-28T13:42:37.554465
CREATE TABLE "event"(
    "id" INTEGER PRIMARY KEY AUTOINCREMENT,
    "created_by" INTEGER REFERENCES "auth_user" ("id") ON DELETE CASCADE ON UPDATE CASCADE  ,
    "creation_timestamp" TIMESTAMP,
    "event_start" TIMESTAMP,
    "event_end" TIMESTAMP,
    "event_name" CHAR(512),
    "location" CHAR(512),
    "description" TEXT,
    "image_filepath" CHAR(512)
);
success!
